<?xml version="1.0" encoding="UTF-8"?>
<!-- Generated by org.testng.reporters.JUnitReportReporter -->
<testsuite hostname="DESKTOP-THPVQ83" failures="0" tests="1" name="Test.LogoutUserTest" time="8.912" errors="0" timestamp="2025-05-10T03:13:25 EEST" skipped="0">
  <testcase classname="Test.LogoutUserTest" name="logoutUserSuccessfully" time="8.912"/>
</testsuite> <!-- Test.LogoutUserTest -->
