<?xml version="1.0" encoding="UTF-8"?>
<!-- Generated by org.testng.reporters.JUnitReportReporter -->
<testsuite hostname="DESKTOP-THPVQ83" failures="0" tests="1" name="Test.InvalidLoginTest" time="4.141" errors="0" timestamp="2025-05-10T03:10:30 EEST" skipped="0">
  <testcase classname="Test.InvalidLoginTest" name="loginWithInvalidCredentials" time="4.141"/>
</testsuite> <!-- Test.InvalidLoginTest -->
