<?xml version="1.0" encoding="UTF-8"?>
<!-- Generated by org.testng.reporters.JUnitReportReporter -->
<testsuite hostname="DESKTOP-THPVQ83" failures="0" tests="1" name="Test.RegisterWithExistingEmailTest" time="5.019" errors="0" timestamp="2025-05-10T04:08:43 EEST" skipped="0">
  <testcase classname="Test.RegisterWithExistingEmailTest" name="registerWithExistingEmail" time="5.019"/>
</testsuite> <!-- Test.RegisterWithExistingEmailTest -->
